#
# There is insufficient memory for the Java Runtime Environment to continue.
# Native memory allocation (malloc) failed to allocate 32744 bytes for ChunkPool::allocate
# Possible reasons:
#   The system is out of physical RAM or swap space
#   The process is running with CompressedOops enabled, and the Java Heap may be blocking the growth of the native heap
# Possible solutions:
#   Reduce memory load on the system
#   Increase physical memory or swap space
#   Check if swap backing store is full
#   Decrease Java heap size (-Xmx/-Xms)
#   Decrease number of Java threads
#   Decrease Java thread stack sizes (-Xss)
#   Set larger code cache with -XX:ReservedCodeCacheSize=
#   JVM is running with Unscaled Compressed Oops mode in which the Java heap is
#     placed in the first 4GB address space. The Java Heap base address is the
#     maximum limit for the native heap growth. Please use -XX:HeapBaseMinAddress
#     to set the Java Heap base and to place the Java Heap above 4GB virtual address.
# This output file may be truncated or incomplete.
#
#  Out of Memory Error (./open/src/hotspot/share/memory/arena.cpp:81), pid=10172, tid=1204
#
# JRE version: Java(TM) SE Runtime Environment 18.9 (11.0.11+9) (build 11.0.11+9-LTS-194)
# Java VM: Java HotSpot(TM) 64-Bit Server VM 18.9 (11.0.11+9-LTS-194, mixed mode, tiered, compressed oops, g1 gc, windows-amd64)
# No core dump will be written. Minidumps are not enabled by default on client versions of Windows
#

---------------  S U M M A R Y ------------

Command Line: -Dorg.gradle.appname=gradlew org.gradle.wrapper.GradleWrapperMain -Pverbose=true -Ptarget-platform=android-arm64 -Ptarget=C:\Users\DIGIT\Downloads\report_247\lib\main.dart -Pdart-defines=Zmx1dHRlci5pbnNwZWN0b3Iuc3RydWN0dXJlZEVycm9ycz10cnVl,RkxVVFRFUl9XRUJfQVVUT19ERVRFQ1Q9dHJ1ZQ== -Pdart-obfuscation=false -Ptrack-widget-creation=true -Ptree-shake-icons=false -Pfilesystem-scheme=org-dartlang-root assembleDebug

Host: Intel(R) Core(TM) i5-2520M CPU @ 2.50GHz, 4 cores, 5G,  Windows 10 , 64 bit Build 19041 (10.0.19041.1348)
Time: Tue Jan  4 14:56:35 2022 Pakistan Standard Time elapsed time: 24.454352 seconds (0d 0h 0m 24s)

---------------  T H R E A D  ---------------

Current thread (0x000001e47f45e000):  JavaThread "C2 CompilerThread0" daemon [_thread_in_native, id=1204, stack(0x00000023f5900000,0x00000023f5a00000)]


Current CompileTask:
C2:  24454 1170       4       org.gradle.internal.logging.text.AbstractLineChoppingStyledTextOutput$1::execute (9 bytes)

Stack: [0x00000023f5900000,0x00000023f5a00000]
Native frames: (J=compiled Java code, j=interpreted, Vv=VM code, C=native code)
V  [jvm.dll+0x616f2a]
V  [jvm.dll+0x74de7f]
V  [jvm.dll+0x74f505]
V  [jvm.dll+0x74fb83]
V  [jvm.dll+0x2436d8]
V  [jvm.dll+0xbaa2b]
V  [jvm.dll+0xba7fd]
V  [jvm.dll+0x5f73cf]
V  [jvm.dll+0x6466e4]
V  [jvm.dll+0x19408d]
V  [jvm.dll+0x1fd152]
V  [jvm.dll+0x1fc22f]
V  [jvm.dll+0x17f0bc]
V  [jvm.dll+0x20b68c]
V  [jvm.dll+0x20978b]
V  [jvm.dll+0x7152c9]
V  [jvm.dll+0x70dfc4]
V  [jvm.dll+0x6160f6]
C  [ucrtbase.dll+0x21bb2]
C  [KERNEL32.DLL+0x17034]
C  [ntdll.dll+0x52651]


---------------  P R O C E S S  ---------------

Threads class SMR info:
_java_thread_list=0x000001e41a105ea0, length=13, elements={
0x000001e47af16800, 0x000001e47f446800, 0x000001e47f44f800, 0x000001e47f4b5000,
0x000001e47f4b7000, 0x000001e47f45e000, 0x000001e47f464000, 0x000001e47f46c800,
0x000001e419557800, 0x000001e419564800, 0x000001e419f8f000, 0x000001e419fd9800,
0x000001e41a01d000
}

Java Threads: ( => current thread )
  0x000001e47af16800 JavaThread "main" [_thread_in_native, id=3076, stack(0x00000023f4e00000,0x00000023f4f00000)]
  0x000001e47f446800 JavaThread "Reference Handler" daemon [_thread_blocked, id=21124, stack(0x00000023f5500000,0x00000023f5600000)]
  0x000001e47f44f800 JavaThread "Finalizer" daemon [_thread_blocked, id=20076, stack(0x00000023f5600000,0x00000023f5700000)]
  0x000001e47f4b5000 JavaThread "Signal Dispatcher" daemon [_thread_blocked, id=19476, stack(0x00000023f5700000,0x00000023f5800000)]
  0x000001e47f4b7000 JavaThread "Attach Listener" daemon [_thread_blocked, id=18000, stack(0x00000023f5800000,0x00000023f5900000)]
=>0x000001e47f45e000 JavaThread "C2 CompilerThread0" daemon [_thread_in_native, id=1204, stack(0x00000023f5900000,0x00000023f5a00000)]
  0x000001e47f464000 JavaThread "C1 CompilerThread0" daemon [_thread_blocked, id=20548, stack(0x00000023f5a00000,0x00000023f5b00000)]
  0x000001e47f46c800 JavaThread "Sweeper thread" daemon [_thread_blocked, id=16756, stack(0x00000023f5b00000,0x00000023f5c00000)]
  0x000001e419557800 JavaThread "Service Thread" daemon [_thread_blocked, id=22636, stack(0x00000023f5c00000,0x00000023f5d00000)]
  0x000001e419564800 JavaThread "Common-Cleaner" daemon [_thread_blocked, id=19060, stack(0x00000023f5e00000,0x00000023f5f00000)]
  0x000001e419f8f000 JavaThread "pool-1-thread-1" [_thread_blocked, id=12436, stack(0x00000023f6100000,0x00000023f6200000)]
  0x000001e419fd9800 JavaThread "DisconnectableInputStream source reader" daemon [_thread_in_native, id=13824, stack(0x00000023f6600000,0x00000023f6700000)]
  0x000001e41a01d000 JavaThread "Forward input" [_thread_blocked, id=7564, stack(0x00000023f6700000,0x00000023f6800000)]

Other Threads:
  0x000001e47f41e000 VMThread "VM Thread" [stack: 0x00000023f5400000,0x00000023f5500000] [id=19852]
  0x000001e41955f800 WatcherThread [stack: 0x00000023f5d00000,0x00000023f5e00000] [id=13084]
  0x000001e47af2d000 GCTaskThread "GC Thread#0" [stack: 0x00000023f4f00000,0x00000023f5000000] [id=7256]
  0x000001e419840800 GCTaskThread "GC Thread#1" [stack: 0x00000023f5f00000,0x00000023f6000000] [id=8628]
  0x000001e41a06e800 GCTaskThread "GC Thread#2" [stack: 0x00000023f6200000,0x00000023f6300000] [id=2156]
  0x000001e419ed7000 GCTaskThread "GC Thread#3" [stack: 0x00000023f6300000,0x00000023f6400000] [id=18064]
  0x000001e47af51800 ConcurrentGCThread "G1 Main Marker" [stack: 0x00000023f5000000,0x00000023f5100000] [id=21568]
  0x000001e47af54000 ConcurrentGCThread "G1 Conc#0" [stack: 0x00000023f5100000,0x00000023f5200000] [id=10728]
  0x000001e47afc4800 ConcurrentGCThread "G1 Refine#0" [stack: 0x00000023f5200000,0x00000023f5300000] [id=21440]
  0x000001e47afc5800 ConcurrentGCThread "G1 Young RemSet Sampling" [stack: 0x00000023f5300000,0x00000023f5400000] [id=23132]

Threads with active compile tasks:
C2 CompilerThread0  24506 1170       4       org.gradle.internal.logging.text.AbstractLineChoppingStyledTextOutput$1::execute (9 bytes)

VM state:not at safepoint (normal execution)

VM Mutex/Monitor currently owned by a thread: None

Heap address: 0x00000000a1600000, size: 1514 MB, Compressed Oops mode: 32-bit
Narrow klass base: 0x0000000000000000, Narrow klass shift: 3
Compressed class space size: 1073741824 Address: 0x0000000100000000

Heap:
 garbage-first heap   total 98304K, used 17844K [0x00000000a1600000, 0x0000000100000000)
  region size 1024K, 11 young (11264K), 1 survivors (1024K)
 Metaspace       used 14802K, capacity 15105K, committed 15232K, reserved 1062912K
  class space    used 1705K, capacity 1825K, committed 1920K, reserved 1048576K
Heap Regions: E=young(eden), S=young(survivor), O=old, HS=humongous(starts), HC=humongous(continues), CS=collection set, F=free, A=archive, TAMS=top-at-mark-start (previous, next)
|   0|0x00000000a1600000, 0x00000000a1700000, 0x00000000a1700000|100%| O|  |TAMS 0x00000000a1600000, 0x00000000a1600000| Untracked 
|   1|0x00000000a1700000, 0x00000000a17ba200, 0x00000000a1800000| 72%| O|  |TAMS 0x00000000a1700000, 0x00000000a1700000| Untracked 
|   2|0x00000000a1800000, 0x00000000a1800000, 0x00000000a1900000|  0%| F|  |TAMS 0x00000000a1800000, 0x00000000a1800000| Untracked 
|   3|0x00000000a1900000, 0x00000000a1a00000, 0x00000000a1a00000|100%|HS|  |TAMS 0x00000000a1900000, 0x00000000a1900000| Complete 
|   4|0x00000000a1a00000, 0x00000000a1b00000, 0x00000000a1b00000|100%|HC|  |TAMS 0x00000000a1a00000, 0x00000000a1a00000| Complete 
|   5|0x00000000a1b00000, 0x00000000a1c00000, 0x00000000a1c00000|100%|HC|  |TAMS 0x00000000a1b00000, 0x00000000a1b00000| Complete 
|   6|0x00000000a1c00000, 0x00000000a1d00000, 0x00000000a1d00000|100%| O|  |TAMS 0x00000000a1c00000, 0x00000000a1c00000| Untracked 
|   7|0x00000000a1d00000, 0x00000000a1e00000, 0x00000000a1e00000|100%| O|  |TAMS 0x00000000a1d00000, 0x00000000a1d00000| Untracked 
|   8|0x00000000a1e00000, 0x00000000a1f00000, 0x00000000a1f00000|100%| O|  |TAMS 0x00000000a1e00000, 0x00000000a1e00000| Untracked 
|   9|0x00000000a1f00000, 0x00000000a1f00000, 0x00000000a2000000|  0%| F|  |TAMS 0x00000000a1f00000, 0x00000000a1f00000| Untracked 
|  10|0x00000000a2000000, 0x00000000a2000000, 0x00000000a2100000|  0%| F|  |TAMS 0x00000000a2000000, 0x00000000a2000000| Untracked 
|  11|0x00000000a2100000, 0x00000000a2100000, 0x00000000a2200000|  0%| F|  |TAMS 0x00000000a2100000, 0x00000000a2100000| Untracked 
|  12|0x00000000a2200000, 0x00000000a2200000, 0x00000000a2300000|  0%| F|  |TAMS 0x00000000a2200000, 0x00000000a2200000| Untracked 
|  13|0x00000000a2300000, 0x00000000a2300000, 0x00000000a2400000|  0%| F|  |TAMS 0x00000000a2300000, 0x00000000a2300000| Untracked 
|  14|0x00000000a2400000, 0x00000000a2400000, 0x00000000a2500000|  0%| F|  |TAMS 0x00000000a2400000, 0x00000000a2400000| Untracked 
|  15|0x00000000a2500000, 0x00000000a2500000, 0x00000000a2600000|  0%| F|  |TAMS 0x00000000a2500000, 0x00000000a2500000| Untracked 
|  16|0x00000000a2600000, 0x00000000a2600000, 0x00000000a2700000|  0%| F|  |TAMS 0x00000000a2600000, 0x00000000a2600000| Untracked 
|  17|0x00000000a2700000, 0x00000000a2700000, 0x00000000a2800000|  0%| F|  |TAMS 0x00000000a2700000, 0x00000000a2700000| Untracked 
|  18|0x00000000a2800000, 0x00000000a2800000, 0x00000000a2900000|  0%| F|  |TAMS 0x00000000a2800000, 0x00000000a2800000| Untracked 
|  19|0x00000000a2900000, 0x00000000a2900000, 0x00000000a2a00000|  0%| F|  |TAMS 0x00000000a2900000, 0x00000000a2900000| Untracked 
|  20|0x00000000a2a00000, 0x00000000a2a00000, 0x00000000a2b00000|  0%| F|  |TAMS 0x00000000a2a00000, 0x00000000a2a00000| Untracked 
|  21|0x00000000a2b00000, 0x00000000a2b00000, 0x00000000a2c00000|  0%| F|  |TAMS 0x00000000a2b00000, 0x00000000a2b00000| Untracked 
|  22|0x00000000a2c00000, 0x00000000a2c00000, 0x00000000a2d00000|  0%| F|  |TAMS 0x00000000a2c00000, 0x00000000a2c00000| Untracked 
|  23|0x00000000a2d00000, 0x00000000a2d00000, 0x00000000a2e00000|  0%| F|  |TAMS 0x00000000a2d00000, 0x00000000a2d00000| Untracked 
|  24|0x00000000a2e00000, 0x00000000a2e00000, 0x00000000a2f00000|  0%| F|  |TAMS 0x00000000a2e00000, 0x00000000a2e00000| Untracked 
|  25|0x00000000a2f00000, 0x00000000a2f00000, 0x00000000a3000000|  0%| F|  |TAMS 0x00000000a2f00000, 0x00000000a2f00000| Untracked 
|  26|0x00000000a3000000, 0x00000000a3000000, 0x00000000a3100000|  0%| F|  |TAMS 0x00000000a3000000, 0x00000000a3000000| Untracked 
|  27|0x00000000a3100000, 0x00000000a3100000, 0x00000000a3200000|  0%| F|  |TAMS 0x00000000a3100000, 0x00000000a3100000| Untracked 
|  28|0x00000000a3200000, 0x00000000a3200000, 0x00000000a3300000|  0%| F|  |TAMS 0x00000000a3200000, 0x00000000a3200000| Untracked 
|  29|0x00000000a3300000, 0x00000000a3300000, 0x00000000a3400000|  0%| F|  |TAMS 0x00000000a3300000, 0x00000000a3300000| Untracked 
|  30|0x00000000a3400000, 0x00000000a3400000, 0x00000000a3500000|  0%| F|  |TAMS 0x00000000a3400000, 0x00000000a3400000| Untracked 
|  31|0x00000000a3500000, 0x00000000a3500000, 0x00000000a3600000|  0%| F|  |TAMS 0x00000000a3500000, 0x00000000a3500000| Untracked 
|  32|0x00000000a3600000, 0x00000000a3600000, 0x00000000a3700000|  0%| F|  |TAMS 0x00000000a3600000, 0x00000000a3600000| Untracked 
|  33|0x00000000a3700000, 0x00000000a3700000, 0x00000000a3800000|  0%| F|  |TAMS 0x00000000a3700000, 0x00000000a3700000| Untracked 
|  34|0x00000000a3800000, 0x00000000a3800000, 0x00000000a3900000|  0%| F|  |TAMS 0x00000000a3800000, 0x00000000a3800000| Untracked 
|  35|0x00000000a3900000, 0x00000000a3900000, 0x00000000a3a00000|  0%| F|  |TAMS 0x00000000a3900000, 0x00000000a3900000| Untracked 
|  36|0x00000000a3a00000, 0x00000000a3a00000, 0x00000000a3b00000|  0%| F|  |TAMS 0x00000000a3a00000, 0x00000000a3a00000| Untracked 
|  37|0x00000000a3b00000, 0x00000000a3b00000, 0x00000000a3c00000|  0%| F|  |TAMS 0x00000000a3b00000, 0x00000000a3b00000| Untracked 
|  38|0x00000000a3c00000, 0x00000000a3c00000, 0x00000000a3d00000|  0%| F|  |TAMS 0x00000000a3c00000, 0x00000000a3c00000| Untracked 
|  39|0x00000000a3d00000, 0x00000000a3d00000, 0x00000000a3e00000|  0%| F|  |TAMS 0x00000000a3d00000, 0x00000000a3d00000| Untracked 
|  40|0x00000000a3e00000, 0x00000000a3e00000, 0x00000000a3f00000|  0%| F|  |TAMS 0x00000000a3e00000, 0x00000000a3e00000| Untracked 
|  41|0x00000000a3f00000, 0x00000000a3f00000, 0x00000000a4000000|  0%| F|  |TAMS 0x00000000a3f00000, 0x00000000a3f00000| Untracked 
|  42|0x00000000a4000000, 0x00000000a4000000, 0x00000000a4100000|  0%| F|  |TAMS 0x00000000a4000000, 0x00000000a4000000| Untracked 
|  43|0x00000000a4100000, 0x00000000a4100000, 0x00000000a4200000|  0%| F|  |TAMS 0x00000000a4100000, 0x00000000a4100000| Untracked 
|  44|0x00000000a4200000, 0x00000000a4200000, 0x00000000a4300000|  0%| F|  |TAMS 0x00000000a4200000, 0x00000000a4200000| Untracked 
|  45|0x00000000a4300000, 0x00000000a4300000, 0x00000000a4400000|  0%| F|  |TAMS 0x00000000a4300000, 0x00000000a4300000| Untracked 
|  46|0x00000000a4400000, 0x00000000a4400000, 0x00000000a4500000|  0%| F|  |TAMS 0x00000000a4400000, 0x00000000a4400000| Untracked 
|  47|0x00000000a4500000, 0x00000000a4500000, 0x00000000a4600000|  0%| F|  |TAMS 0x00000000a4500000, 0x00000000a4500000| Untracked 
|  48|0x00000000a4600000, 0x00000000a4600000, 0x00000000a4700000|  0%| F|  |TAMS 0x00000000a4600000, 0x00000000a4600000| Untracked 
|  49|0x00000000a4700000, 0x00000000a4700000, 0x00000000a4800000|  0%| F|  |TAMS 0x00000000a4700000, 0x00000000a4700000| Untracked 
|  50|0x00000000a4800000, 0x00000000a4800000, 0x00000000a4900000|  0%| F|  |TAMS 0x00000000a4800000, 0x00000000a4800000| Untracked 
|  51|0x00000000a4900000, 0x00000000a4900000, 0x00000000a4a00000|  0%| F|  |TAMS 0x00000000a4900000, 0x00000000a4900000| Untracked 
|  52|0x00000000a4a00000, 0x00000000a4a00000, 0x00000000a4b00000|  0%| F|  |TAMS 0x00000000a4a00000, 0x00000000a4a00000| Untracked 
|  53|0x00000000a4b00000, 0x00000000a4b00000, 0x00000000a4c00000|  0%| F|  |TAMS 0x00000000a4b00000, 0x00000000a4b00000| Untracked 
|  54|0x00000000a4c00000, 0x00000000a4c00000, 0x00000000a4d00000|  0%| F|  |TAMS 0x00000000a4c00000, 0x00000000a4c00000| Untracked 
|  55|0x00000000a4d00000, 0x00000000a4d00000, 0x00000000a4e00000|  0%| F|  |TAMS 0x00000000a4d00000, 0x00000000a4d00000| Untracked 
|  56|0x00000000a4e00000, 0x00000000a4e00000, 0x00000000a4f00000|  0%| F|  |TAMS 0x00000000a4e00000, 0x00000000a4e00000| Untracked 
|  57|0x00000000a4f00000, 0x00000000a4f00000, 0x00000000a5000000|  0%| F|  |TAMS 0x00000000a4f00000, 0x00000000a4f00000| Untracked 
|  58|0x00000000a5000000, 0x00000000a5000000, 0x00000000a5100000|  0%| F|  |TAMS 0x00000000a5000000, 0x00000000a5000000| Untracked 
|  59|0x00000000a5100000, 0x00000000a5100000, 0x00000000a5200000|  0%| F|  |TAMS 0x00000000a5100000, 0x00000000a5100000| Untracked 
|  60|0x00000000a5200000, 0x00000000a5200000, 0x00000000a5300000|  0%| F|  |TAMS 0x00000000a5200000, 0x00000000a5200000| Untracked 
|  61|0x00000000a5300000, 0x00000000a5300000, 0x00000000a5400000|  0%| F|  |TAMS 0x00000000a5300000, 0x00000000a5300000| Untracked 
|  62|0x00000000a5400000, 0x00000000a5400000, 0x00000000a5500000|  0%| F|  |TAMS 0x00000000a5400000, 0x00000000a5400000| Untracked 
|  63|0x00000000a5500000, 0x00000000a5500000, 0x00000000a5600000|  0%| F|  |TAMS 0x00000000a5500000, 0x00000000a5500000| Untracked 
|  64|0x00000000a5600000, 0x00000000a5600000, 0x00000000a5700000|  0%| F|  |TAMS 0x00000000a5600000, 0x00000000a5600000| Untracked 
|  65|0x00000000a5700000, 0x00000000a5700000, 0x00000000a5800000|  0%| F|  |TAMS 0x00000000a5700000, 0x00000000a5700000| Untracked 
|  66|0x00000000a5800000, 0x00000000a5800000, 0x00000000a5900000|  0%| F|  |TAMS 0x00000000a5800000, 0x00000000a5800000| Untracked 
|  67|0x00000000a5900000, 0x00000000a5900000, 0x00000000a5a00000|  0%| F|  |TAMS 0x00000000a5900000, 0x00000000a5900000| Untracked 
|  68|0x00000000a5a00000, 0x00000000a5a00000, 0x00000000a5b00000|  0%| F|  |TAMS 0x00000000a5a00000, 0x00000000a5a00000| Untracked 
|  69|0x00000000a5b00000, 0x00000000a5b00000, 0x00000000a5c00000|  0%| F|  |TAMS 0x00000000a5b00000, 0x00000000a5b00000| Untracked 
|  70|0x00000000a5c00000, 0x00000000a5c00000, 0x00000000a5d00000|  0%| F|  |TAMS 0x00000000a5c00000, 0x00000000a5c00000| Untracked 
|  71|0x00000000a5d00000, 0x00000000a5d00000, 0x00000000a5e00000|  0%| F|  |TAMS 0x00000000a5d00000, 0x00000000a5d00000| Untracked 
|  72|0x00000000a5e00000, 0x00000000a5e00000, 0x00000000a5f00000|  0%| F|  |TAMS 0x00000000a5e00000, 0x00000000a5e00000| Untracked 
|  73|0x00000000a5f00000, 0x00000000a5f00000, 0x00000000a6000000|  0%| F|  |TAMS 0x00000000a5f00000, 0x00000000a5f00000| Untracked 
|  74|0x00000000a6000000, 0x00000000a6000000, 0x00000000a6100000|  0%| F|  |TAMS 0x00000000a6000000, 0x00000000a6000000| Untracked 
|  75|0x00000000a6100000, 0x00000000a6100000, 0x00000000a6200000|  0%| F|  |TAMS 0x00000000a6100000, 0x00000000a6100000| Untracked 
|  76|0x00000000a6200000, 0x00000000a6200000, 0x00000000a6300000|  0%| F|  |TAMS 0x00000000a6200000, 0x00000000a6200000| Untracked 
|  77|0x00000000a6300000, 0x00000000a6300000, 0x00000000a6400000|  0%| F|  |TAMS 0x00000000a6300000, 0x00000000a6300000| Untracked 
|  78|0x00000000a6400000, 0x00000000a6400000, 0x00000000a6500000|  0%| F|  |TAMS 0x00000000a6400000, 0x00000000a6400000| Untracked 
|  79|0x00000000a6500000, 0x00000000a6500000, 0x00000000a6600000|  0%| F|  |TAMS 0x00000000a6500000, 0x00000000a6500000| Untracked 
|  80|0x00000000a6600000, 0x00000000a6600000, 0x00000000a6700000|  0%| F|  |TAMS 0x00000000a6600000, 0x00000000a6600000| Untracked 
|  81|0x00000000a6700000, 0x00000000a6700000, 0x00000000a6800000|  0%| F|  |TAMS 0x00000000a6700000, 0x00000000a6700000| Untracked 
|  82|0x00000000a6800000, 0x00000000a6800000, 0x00000000a6900000|  0%| F|  |TAMS 0x00000000a6800000, 0x00000000a6800000| Untracked 
|  83|0x00000000a6900000, 0x00000000a6900000, 0x00000000a6a00000|  0%| F|  |TAMS 0x00000000a6900000, 0x00000000a6900000| Untracked 
|  84|0x00000000a6a00000, 0x00000000a6a00000, 0x00000000a6b00000|  0%| F|  |TAMS 0x00000000a6a00000, 0x00000000a6a00000| Untracked 
|  85|0x00000000a6b00000, 0x00000000a6bb31e8, 0x00000000a6c00000| 69%| S|CS|TAMS 0x00000000a6b00000, 0x00000000a6b00000| Complete 
|  86|0x00000000a6c00000, 0x00000000a6d00000, 0x00000000a6d00000|100%| E|  |TAMS 0x00000000a6c00000, 0x00000000a6c00000| Complete 
|  87|0x00000000a6d00000, 0x00000000a6e00000, 0x00000000a6e00000|100%| E|CS|TAMS 0x00000000a6d00000, 0x00000000a6d00000| Complete 
|  88|0x00000000a6e00000, 0x00000000a6f00000, 0x00000000a6f00000|100%| E|CS|TAMS 0x00000000a6e00000, 0x00000000a6e00000| Complete 
|  89|0x00000000a6f00000, 0x00000000a7000000, 0x00000000a7000000|100%| E|CS|TAMS 0x00000000a6f00000, 0x00000000a6f00000| Complete 
|  90|0x00000000a7000000, 0x00000000a7100000, 0x00000000a7100000|100%| E|CS|TAMS 0x00000000a7000000, 0x00000000a7000000| Complete 
|  91|0x00000000a7100000, 0x00000000a7200000, 0x00000000a7200000|100%| E|CS|TAMS 0x00000000a7100000, 0x00000000a7100000| Complete 
|  92|0x00000000a7200000, 0x00000000a7300000, 0x00000000a7300000|100%| E|CS|TAMS 0x00000000a7200000, 0x00000000a7200000| Complete 
|  93|0x00000000a7300000, 0x00000000a7400000, 0x00000000a7400000|100%| E|CS|TAMS 0x00000000a7300000, 0x00000000a7300000| Complete 
|  94|0x00000000a7400000, 0x00000000a7500000, 0x00000000a7500000|100%| E|CS|TAMS 0x00000000a7400000, 0x00000000a7400000| Complete 
|  95|0x00000000a7500000, 0x00000000a7600000, 0x00000000a7600000|100%| E|CS|TAMS 0x00000000a7500000, 0x00000000a7500000| Complete 

Card table byte_map: [0x000001e47b920000,0x000001e47bc20000] _byte_map_base: 0x000001e47b415000

Marking Bits (Prev, Next): (CMBitMap*) 0x000001e47af4acb8, (CMBitMap*) 0x000001e47af4acf0
 Prev Bits: [0x000001e47bf20000, 0x000001e47d6c8000)
 Next Bits: [0x000001e47d6d0000, 0x000001e47ee78000)

Polling page: 0x000001e479680000

Metaspace:

Usage:
  Non-class:     12.97 MB capacity,    12.79 MB ( 99%) used,   163.43 KB (  1%) free+waste,    19.63 KB ( <1%) overhead. 
      Class:      1.78 MB capacity,     1.67 MB ( 93%) used,   109.49 KB (  6%) free+waste,     9.69 KB ( <1%) overhead. 
       Both:     14.75 MB capacity,    14.46 MB ( 98%) used,   272.92 KB (  2%) free+waste,    29.31 KB ( <1%) overhead. 

Virtual space:
  Non-class space:       14.00 MB reserved,      13.00 MB ( 93%) committed 
      Class space:        1.00 GB reserved,       1.88 MB ( <1%) committed 
             Both:        1.01 GB reserved,      14.88 MB (  1%) committed 

Chunk freelists:
   Non-Class:  4.00 KB
       Class:  0 bytes
        Both:  4.00 KB

CodeHeap 'non-profiled nmethods': size=120064Kb used=404Kb max_used=404Kb free=119659Kb
 bounds [0x000001e40fe90000, 0x000001e410100000, 0x000001e4173d0000]
CodeHeap 'profiled nmethods': size=120000Kb used=2039Kb max_used=2039Kb free=117960Kb
 bounds [0x000001e408960000, 0x000001e408bd0000, 0x000001e40fe90000]
CodeHeap 'non-nmethods': size=5696Kb used=1099Kb max_used=1111Kb free=4596Kb
 bounds [0x000001e4083d0000, 0x000001e408640000, 0x000001e408960000]
 total_blobs=1591 nmethods=1174 adapters=329
 compilation: enabled
              stopped_count=0, restarted_count=0
 full_count=0

Compilation events (10 events):
Event: 22.142 Thread 0x000001e47f464000 1168   !   3       java.util.concurrent.locks.AbstractQueuedSynchronizer::acquireQueued (74 bytes)
Event: 22.144 Thread 0x000001e47f464000 nmethod 1168 0x000001e408b5af90 code [0x000001e408b5b220, 0x000001e408b5bec8]
Event: 22.743 Thread 0x000001e47f464000 1169       3       java.util.concurrent.ScheduledThreadPoolExecutor$ScheduledFutureTask::isPeriodic (15 bytes)
Event: 22.743 Thread 0x000001e47f464000 nmethod 1169 0x000001e408b5c410 code [0x000001e408b5c5a0, 0x000001e408b5c718]
Event: 24.438 Thread 0x000001e47f45e000 1170       4       org.gradle.internal.logging.text.AbstractLineChoppingStyledTextOutput$1::execute (9 bytes)
Event: 24.449 Thread 0x000001e47f464000 1172       3       java.io.BufferedOutputStream::flushBuffer (29 bytes)
Event: 24.449 Thread 0x000001e47f464000 nmethod 1172 0x000001e408b5c790 code [0x000001e408b5c940, 0x000001e408b5cb68]
Event: 24.449 Thread 0x000001e47f464000 1173       3       sun.nio.cs.StreamEncoder::ensureOpen (18 bytes)
Event: 24.450 Thread 0x000001e47f464000 nmethod 1173 0x000001e408b5cc10 code [0x000001e408b5cdc0, 0x000001e408b5cfc8]
Event: 24.451 Thread 0x000001e47f464000 1174       3       java.io.PrintStream::ensureOpen (18 bytes)

GC Heap History (4 events):
Event: 1.072 GC heap before
{Heap before GC invocations=0 (full 0):
 garbage-first heap   total 98304K, used 19456K [0x00000000a1600000, 0x0000000100000000)
  region size 1024K, 14 young (14336K), 0 survivors (0K)
 Metaspace       used 8103K, capacity 8337K, committed 8576K, reserved 1056768K
  class space    used 740K, capacity 818K, committed 896K, reserved 1048576K
}
Event: 1.083 GC heap after
{Heap after GC invocations=1 (full 0):
 garbage-first heap   total 98304K, used 7839K [0x00000000a1600000, 0x0000000100000000)
  region size 1024K, 2 young (2048K), 2 survivors (2048K)
 Metaspace       used 8103K, capacity 8337K, committed 8576K, reserved 1056768K
  class space    used 740K, capacity 818K, committed 896K, reserved 1048576K
}
Event: 1.558 GC heap before
{Heap before GC invocations=1 (full 0):
 garbage-first heap   total 98304K, used 18079K [0x00000000a1600000, 0x0000000100000000)
  region size 1024K, 12 young (12288K), 2 survivors (2048K)
 Metaspace       used 11157K, capacity 11432K, committed 11648K, reserved 1058816K
  class space    used 1210K, capacity 1301K, committed 1408K, reserved 1048576K
}
Event: 1.563 GC heap after
{Heap after GC invocations=2 (full 0):
 garbage-first heap   total 98304K, used 8628K [0x00000000a1600000, 0x0000000100000000)
  region size 1024K, 1 young (1024K), 1 survivors (1024K)
 Metaspace       used 11157K, capacity 11432K, committed 11648K, reserved 1058816K
  class space    used 1210K, capacity 1301K, committed 1408K, reserved 1048576K
}

Deoptimization events (10 events):
Event: 1.099 Thread 0x000001e47af16800 Uncommon trap: reason=class_check action=maybe_recompile pc=0x000001e40feb487c method=java.util.HashMap.putVal(ILjava/lang/Object;Ljava/lang/Object;ZZ)Ljava/lang/Object; @ 91 c2
Event: 1.099 Thread 0x000001e47af16800 Uncommon trap: reason=class_check action=maybe_recompile pc=0x000001e40feb487c method=java.util.HashMap.putVal(ILjava/lang/Object;Ljava/lang/Object;ZZ)Ljava/lang/Object; @ 91 c2
Event: 1.099 Thread 0x000001e47af16800 Uncommon trap: reason=class_check action=maybe_recompile pc=0x000001e40feb2920 method=java.util.HashMap.putVal(ILjava/lang/Object;Ljava/lang/Object;ZZ)Ljava/lang/Object; @ 91 c2
Event: 1.275 Thread 0x000001e47af16800 Uncommon trap: reason=unstable_if action=reinterpret pc=0x000001e40feabd84 method=java.util.regex.Matcher.reset()Ljava/util/regex/Matcher; @ 47 c2
Event: 1.275 Thread 0x000001e47af16800 Uncommon trap: reason=class_check action=maybe_recompile pc=0x000001e40fead1c4 method=java.util.regex.Matcher.match(II)Z @ 121 c2
Event: 1.275 Thread 0x000001e47af16800 Uncommon trap: reason=class_check action=maybe_recompile pc=0x000001e40fead1c4 method=java.util.regex.Matcher.match(II)Z @ 121 c2
Event: 1.276 Thread 0x000001e47af16800 Uncommon trap: reason=class_check action=maybe_recompile pc=0x000001e40fead1c4 method=java.util.regex.Matcher.match(II)Z @ 121 c2
Event: 1.276 Thread 0x000001e47af16800 Uncommon trap: reason=class_check action=maybe_recompile pc=0x000001e40fead1c4 method=java.util.regex.Matcher.match(II)Z @ 121 c2
Event: 1.797 Thread 0x000001e47af16800 Uncommon trap: reason=unstable_if action=reinterpret pc=0x000001e40fee1570 method=java.util.HashMap.getNode(ILjava/lang/Object;)Ljava/util/HashMap$Node; @ 129 c2
Event: 1.798 Thread 0x000001e47af16800 Uncommon trap: reason=class_check action=maybe_recompile pc=0x000001e40fec9d94 method=java.util.HashMap.putVal(ILjava/lang/Object;Ljava/lang/Object;ZZ)Ljava/lang/Object; @ 203 c2

Classes redefined (0 events):
No events

Internal exceptions (10 events):
Event: 0.290 Thread 0x000001e47af16800 Exception <a 'java/lang/NoSuchMethodError'{0x00000000a74932e0}: java.lang.invoke.DirectMethodHandle$Holder.invokeSpecialIFC(Ljava/lang/Object;Ljava/lang/Object;I)I> (0x00000000a74932e0) thrown at [./open/src/hotspot/share/interpreter/linkResolver.cpp, lin
Event: 0.427 Thread 0x000001e47af16800 Exception <a 'java/lang/NoSuchMethodError'{0x00000000a7213390}: java.lang.invoke.DirectMethodHandle$Holder.invokeStaticInit(Ljava/lang/Object;Ljava/lang/Object;)I> (0x00000000a7213390) thrown at [./open/src/hotspot/share/interpreter/linkResolver.cpp, line
Event: 0.485 Thread 0x000001e47af16800 Exception <a 'java/lang/NoSuchMethodError'{0x00000000a72ce0f8}: java.lang.invoke.DirectMethodHandle$Holder.invokeSpecial(Ljava/lang/Object;Ljava/lang/Object;Ljava/lang/Object;Ljava/lang/Object;)I> (0x00000000a72ce0f8) thrown at [./open/src/hotspot/share/i
Event: 1.322 Thread 0x000001e47af16800 Exception <a 'java/lang/NoClassDefFoundError'{0x00000000a70009f0}: org/slf4j/impl/StaticMarkerBinder> (0x00000000a70009f0) thrown at [./open/src/hotspot/share/classfile/systemDictionary.cpp, line 217]
Event: 1.342 Thread 0x000001e47af16800 Exception <a 'java/lang/NoSuchMethodError'{0x00000000a7098340}: java.lang.invoke.DirectMethodHandle$Holder.invokeVirtual(Ljava/lang/Object;Ljava/lang/Object;Ljava/lang/Object;Ljava/lang/Object;Ljava/lang/Object;)Ljava/lang/Object;> (0x00000000a7098340) th
Event: 1.519 Thread 0x000001e47af16800 Exception <a 'java/lang/NoSuchMethodError'{0x00000000a6c34110}: java.lang.invoke.Invokers$Holder.invoker(Ljava/lang/Object;Ljava/lang/Object;Ljava/lang/Object;Ljava/lang/Object;Ljava/lang/Object;)Ljava/lang/Object;> (0x00000000a6c34110) thrown at [./open/
Event: 1.526 Thread 0x000001e47af16800 Exception <a 'java/lang/NoSuchMethodError'{0x00000000a6c44e70}: java.lang.invoke.DelegatingMethodHandle$Holder.delegate(Ljava/lang/Object;Ljava/lang/Object;ILjava/lang/Object;)V> (0x00000000a6c44e70) thrown at [./open/src/hotspot/share/interpreter/linkRes
Event: 1.675 Thread 0x000001e47af16800 Exception <a 'java/lang/NoSuchMethodError'{0x00000000a73f56c8}: java.lang.invoke.DirectMethodHandle$Holder.invokeStaticInit(Ljava/lang/Object;Ljava/lang/Object;Ljava/lang/Object;)Ljava/lang/Object;> (0x00000000a73f56c8) thrown at [./open/src/hotspot/share
Event: 1.850 Thread 0x000001e47af16800 Exception <a 'java/lang/NoSuchMethodError'{0x00000000a6feccc8}: java.lang.invoke.DirectMethodHandle$Holder.invokeStaticInit(Ljava/lang/Object;IIII)Ljava/lang/Object;> (0x00000000a6feccc8) thrown at [./open/src/hotspot/share/interpreter/linkResolver.cpp, l
Event: 2.120 Thread 0x000001e47af16800 Exception <a 'java/lang/NoSuchMethodError'{0x00000000a6e18990}: java.lang.invoke.DirectMethodHandle$Holder.invokeStaticInit(Ljava/lang/Object;Ljava/lang/Object;IIII)Ljava/lang/Object;> (0x00000000a6e18990) thrown at [./open/src/hotspot/share/interpreter/l

Events (10 events):
Event: 8.587 loading class com/google/common/collect/CollectPreconditions
Event: 8.587 loading class com/google/common/collect/CollectPreconditions done
Event: 8.587 Executing VM operation: BulkRevokeBias
Event: 8.587 Executing VM operation: BulkRevokeBias done
Event: 8.588 loading class com/google/common/primitives/Ints
Event: 8.588 loading class com/google/common/primitives/Ints done
Event: 8.589 loading class com/google/common/base/Converter
Event: 8.589 loading class com/google/common/base/Converter done
Event: 8.589 loading class com/google/common/primitives/Ints$IntConverter
Event: 8.589 loading class com/google/common/primitives/Ints$IntConverter done


Dynamic libraries:
0x00007ff627540000 - 0x00007ff62754f000 	C:\Program Files\Java\jdk-11.0.11\bin\java.exe
0x00007ffa474f0000 - 0x00007ffa476e5000 	C:\WINDOWS\SYSTEM32\ntdll.dll
0x00007ffa458e0000 - 0x00007ffa4599e000 	C:\WINDOWS\System32\KERNEL32.DLL
0x00007ffa44c00000 - 0x00007ffa44ec8000 	C:\WINDOWS\System32\KERNELBASE.dll
0x00007ffa45160000 - 0x00007ffa45260000 	C:\WINDOWS\System32\ucrtbase.dll
0x00007ffa36f00000 - 0x00007ffa36f18000 	C:\Program Files\Java\jdk-11.0.11\bin\jli.dll
0x00007ffa463d0000 - 0x00007ffa4647c000 	C:\WINDOWS\System32\ADVAPI32.dll
0x00007ffa46f60000 - 0x00007ffa46ffe000 	C:\WINDOWS\System32\msvcrt.dll
0x00007ffa46910000 - 0x00007ffa469ab000 	C:\WINDOWS\System32\sechost.dll
0x00007ffa46ad0000 - 0x00007ffa46bfa000 	C:\WINDOWS\System32\RPCRT4.dll
0x00007ffa46db0000 - 0x00007ffa46f51000 	C:\WINDOWS\System32\USER32.dll
0x00007ffa44f00000 - 0x00007ffa44f22000 	C:\WINDOWS\System32\win32u.dll
0x00007ffa462c0000 - 0x00007ffa462eb000 	C:\WINDOWS\System32\GDI32.dll
0x00007ffa45260000 - 0x00007ffa4536d000 	C:\WINDOWS\System32\gdi32full.dll
0x00007ffa36ee0000 - 0x00007ffa36ef5000 	C:\Program Files\Java\jdk-11.0.11\bin\VCRUNTIME140.dll
0x00007ffa45010000 - 0x00007ffa450ad000 	C:\WINDOWS\System32\msvcp_win.dll
0x00007ffa35d70000 - 0x00007ffa3600a000 	C:\WINDOWS\WinSxS\amd64_microsoft.windows.common-controls_6595b64144ccf1df_6.0.19041.1110_none_60b5254171f9507e\COMCTL32.dll
0x00007ffa344e0000 - 0x00007ffa344ea000 	C:\WINDOWS\SYSTEM32\VERSION.dll
0x00007ffa45850000 - 0x00007ffa45880000 	C:\WINDOWS\System32\IMM32.DLL
0x00007ffa18f90000 - 0x00007ffa1902b000 	C:\Program Files\Java\jdk-11.0.11\bin\msvcp140.dll
0x00007ff9fb3c0000 - 0x00007ff9fbebe000 	C:\Program Files\Java\jdk-11.0.11\bin\server\jvm.dll
0x00007ffa474a0000 - 0x00007ffa474a8000 	C:\WINDOWS\System32\PSAPI.DLL
0x00007ffa402c0000 - 0x00007ffa402c9000 	C:\WINDOWS\SYSTEM32\WSOCK32.dll
0x00007ffa32340000 - 0x00007ffa32367000 	C:\WINDOWS\SYSTEM32\WINMM.dll
0x00007ffa459c0000 - 0x00007ffa45a2b000 	C:\WINDOWS\System32\WS2_32.dll
0x00007ffa42af0000 - 0x00007ffa42b02000 	C:\WINDOWS\SYSTEM32\kernel.appcore.dll
0x00007ffa42420000 - 0x00007ffa42430000 	C:\Program Files\Java\jdk-11.0.11\bin\verify.dll
0x00007ffa33b60000 - 0x00007ffa33d44000 	C:\WINDOWS\SYSTEM32\DBGHELP.DLL
0x00007ffa33910000 - 0x00007ffa3393c000 	C:\WINDOWS\SYSTEM32\dbgcore.DLL
0x00007ffa44f80000 - 0x00007ffa45002000 	C:\WINDOWS\System32\bcryptPrimitives.dll
0x00007ffa36d70000 - 0x00007ffa36d98000 	C:\Program Files\Java\jdk-11.0.11\bin\java.dll
0x00007ffa40230000 - 0x00007ffa4023a000 	C:\Program Files\Java\jdk-11.0.11\bin\jimage.dll
0x00007ffa36ab0000 - 0x00007ffa36ac6000 	C:\Program Files\Java\jdk-11.0.11\bin\zip.dll
0x00007ffa45b70000 - 0x00007ffa462b4000 	C:\WINDOWS\System32\SHELL32.dll
0x00007ffa42cf0000 - 0x00007ffa43484000 	C:\WINDOWS\SYSTEM32\windows.storage.dll
0x00007ffa47130000 - 0x00007ffa47485000 	C:\WINDOWS\System32\combase.dll
0x00007ffa44650000 - 0x00007ffa4467e000 	C:\WINDOWS\SYSTEM32\Wldp.dll
0x00007ffa45ac0000 - 0x00007ffa45b6d000 	C:\WINDOWS\System32\SHCORE.dll
0x00007ffa45790000 - 0x00007ffa457e5000 	C:\WINDOWS\System32\shlwapi.dll
0x00007ffa44b40000 - 0x00007ffa44b5f000 	C:\WINDOWS\SYSTEM32\profapi.dll
0x00007ffa36a90000 - 0x00007ffa36aa9000 	C:\Program Files\Java\jdk-11.0.11\bin\net.dll
0x00007ffa37cd0000 - 0x00007ffa37ddc000 	C:\WINDOWS\SYSTEM32\WINHTTP.dll
0x00007ffa443b0000 - 0x00007ffa4441a000 	C:\WINDOWS\system32\mswsock.dll
0x00007ffa35b60000 - 0x00007ffa35b72000 	C:\Program Files\Java\jdk-11.0.11\bin\nio.dll
0x00007ffa35a70000 - 0x00007ffa35a96000 	C:\Users\DIGIT\.gradle\native\fdc75f09e3144964f2cf3f50f0aa648679c211496f362492102eb8c894070792\windows-amd64\native-platform.dll
0x00007ffa01570000 - 0x00007ffa01701000 	C:\Users\DIGIT\.gradle\native\12488b8bf47d2d4c9fbf2f6322a914ad602e24e48041cd04a747c6da556b65c4\windows-amd64\native-platform-file-events.dll
0x00007ffa3f9d0000 - 0x00007ffa3f9d9000 	C:\Program Files\Java\jdk-11.0.11\bin\management.dll
0x00007ffa3e2d0000 - 0x00007ffa3e2db000 	C:\Program Files\Java\jdk-11.0.11\bin\management_ext.dll
0x00007ffa445a0000 - 0x00007ffa445b8000 	C:\WINDOWS\SYSTEM32\CRYPTSP.dll
0x00007ffa43cc0000 - 0x00007ffa43cf4000 	C:\WINDOWS\system32\rsaenh.dll
0x00007ffa44ed0000 - 0x00007ffa44ef7000 	C:\WINDOWS\System32\bcrypt.dll
0x00007ffa44b00000 - 0x00007ffa44b2e000 	C:\WINDOWS\SYSTEM32\USERENV.dll
0x00007ffa445c0000 - 0x00007ffa445cc000 	C:\WINDOWS\SYSTEM32\CRYPTBASE.dll
0x00007ffa44050000 - 0x00007ffa4408b000 	C:\WINDOWS\SYSTEM32\IPHLPAPI.DLL
0x00007ffa47490000 - 0x00007ffa47498000 	C:\WINDOWS\System32\NSI.dll
0x00007ffa3c170000 - 0x00007ffa3c187000 	C:\WINDOWS\SYSTEM32\dhcpcsvc6.DLL
0x00007ffa3c620000 - 0x00007ffa3c63d000 	C:\WINDOWS\SYSTEM32\dhcpcsvc.DLL
0x00007ffa44090000 - 0x00007ffa4415b000 	C:\WINDOWS\SYSTEM32\DNSAPI.dll
0x00007ffa3cf50000 - 0x00007ffa3cf5b000 	C:\WINDOWS\SYSTEM32\WINNSI.DLL

dbghelp: loaded successfully - version: 4.0.5 - missing functions: none
symbol engine: initialized successfully - sym options: 0x614 - pdb path: .;C:\Program Files\Java\jdk-11.0.11\bin;C:\WINDOWS\SYSTEM32;C:\WINDOWS\WinSxS\amd64_microsoft.windows.common-controls_6595b64144ccf1df_6.0.19041.1110_none_60b5254171f9507e;C:\Program Files\Java\jdk-11.0.11\bin\server;C:\Users\DIGIT\.gradle\native\fdc75f09e3144964f2cf3f50f0aa648679c211496f362492102eb8c894070792\windows-amd64;C:\Users\DIGIT\.gradle\native\12488b8bf47d2d4c9fbf2f6322a914ad602e24e48041cd04a747c6da556b65c4\windows-amd64

VM Arguments:
jvm_args: -Dorg.gradle.appname=gradlew 
java_command: org.gradle.wrapper.GradleWrapperMain -Pverbose=true -Ptarget-platform=android-arm64 -Ptarget=C:\Users\DIGIT\Downloads\report_247\lib\main.dart -Pdart-defines=Zmx1dHRlci5pbnNwZWN0b3Iuc3RydWN0dXJlZEVycm9ycz10cnVl,RkxVVFRFUl9XRUJfQVVUT19ERVRFQ1Q9dHJ1ZQ== -Pdart-obfuscation=false -Ptrack-widget-creation=true -Ptree-shake-icons=false -Pfilesystem-scheme=org-dartlang-root assembleDebug
java_class_path (initial): C:\Users\DIGIT\Downloads\report_247\android\\gradle\wrapper\gradle-wrapper.jar
Launcher Type: SUN_STANDARD

[Global flags]
     intx CICompilerCount                          = 3                                         {product} {ergonomic}
     uint ConcGCThreads                            = 1                                         {product} {ergonomic}
     uint G1ConcRefinementThreads                  = 4                                         {product} {ergonomic}
   size_t G1HeapRegionSize                         = 1048576                                   {product} {ergonomic}
    uintx GCDrainStackTargetSize                   = 64                                        {product} {ergonomic}
   size_t InitialHeapSize                          = 100663296                                 {product} {ergonomic}
   size_t MarkStackSize                            = 4194304                                   {product} {ergonomic}
   size_t MaxHeapSize                              = 1587544064                                {product} {ergonomic}
   size_t MaxNewSize                               = 952107008                                 {product} {ergonomic}
   size_t MinHeapDeltaBytes                        = 1048576                                   {product} {ergonomic}
    uintx NonNMethodCodeHeapSize                   = 5830732                                {pd product} {ergonomic}
    uintx NonProfiledCodeHeapSize                  = 122913754                              {pd product} {ergonomic}
    uintx ProfiledCodeHeapSize                     = 122913754                              {pd product} {ergonomic}
    uintx ReservedCodeCacheSize                    = 251658240                              {pd product} {ergonomic}
     bool SegmentedCodeCache                       = true                                      {product} {ergonomic}
     bool UseCompressedClassPointers               = true                                 {lp64_product} {ergonomic}
     bool UseCompressedOops                        = true                                 {lp64_product} {ergonomic}
     bool UseG1GC                                  = true                                      {product} {ergonomic}
     bool UseLargePagesIndividualAllocation        = false                                  {pd product} {ergonomic}

Logging:
Log output configuration:
 #0: stdout all=warning uptime,level,tags
 #1: stderr all=off uptime,level,tags

Environment Variables:
CLASSPATH=C:\Users\DIGIT\Downloads\report_247\android\\gradle\wrapper\gradle-wrapper.jar
PATH=C:\Program Files\Common Files\Oracle\Java\javapath;C:\Program Files (x86)\Common Files\Oracle\Java\javapath;C:\WINDOWS\system32;C:\WINDOWS;C:\WINDOWS\System32\Wbem;C:\WINDOWS\System32\WindowsPowerShell\v1.0\;C:\WINDOWS\System32\OpenSSH\;C:\Program Files\Git\cmd;C:\Users\DIGIT\AppData\Local\Microsoft\WindowsApps;C:\Program Files\Java\jdk-11.0.11;C:\Users\DIGIT\AppData\Local\Programs\Microsoft VS Code\bin;C:\Android\flutter\bin;C:\Users\DIGIT\AppData\Local\GitHubDesktop\bin;;C:\Android\flutter\bin\mingit\cmd
USERNAME=DIGIT
OS=Windows_NT
PROCESSOR_IDENTIFIER=Intel64 Family 6 Model 42 Stepping 7, GenuineIntel



---------------  S Y S T E M  ---------------

OS: Windows 10 , 64 bit Build 19041 (10.0.19041.1348)

CPU:total 4 (initial active 4) (2 cores per cpu, 2 threads per core) family 6 model 42 stepping 7 microcode 0x2f, cmov, cx8, fxsr, mmx, sse, sse2, sse3, ssse3, sse4.1, sse4.2, popcnt, avx, aes, clmul, ht, tsc, tscinvbit

Memory: 4k page, system-wide physical 6051M (389M free)
TotalPageFile size 12445M (AvailPageFile size 0M)
current process WorkingSet (physical memory assigned to process): 76M, peak: 83M
current process commit charge ("private bytes"): 184M, peak: 189M

vm_info: Java HotSpot(TM) 64-Bit Server VM (11.0.11+9-LTS-194) for windows-amd64 JRE (11.0.11+9-LTS-194), built on Mar 18 2021 18:46:53 by "mach5one" with MS VC++ 15.9 (VS2017)

END.
